<?xml version="1.0" encoding="UTF-8"?>
<testng-results ignored="0" total="3" passed="3" failed="0" skipped="0">
  <reporter-output>
  </reporter-output>
  <suite started-at="2022-11-16T11:58:06 EST" name="Suite" finished-at="2022-11-16T11:58:06 EST" duration-ms="63">
    <groups>
      <group name="Smoke">
        <method signature="day1.Demo2()[pri:0, instance:Test.day1@52102734]" name="Demo2" class="Test.day1"/>
      </group> <!-- Smoke -->
    </groups>
    <test started-at="2022-11-16T11:58:06 EST" name="Test" finished-at="2022-11-16T11:58:06 EST" duration-ms="63">
      <class name="Test.day1">
        <test-method signature="Demo(java.lang.String)[pri:0, instance:Test.day1@52102734]" started-at="2022-11-16T11:58:06 EST" name="Demo" finished-at="2022-11-16T11:58:06 EST" duration-ms="1" status="PASS">
          <params>
            <param index="0">
              <value>
                <![CDATA[qaclickacademy.com]]>
              </value>
            </param>
          </params>
          <reporter-output>
          </reporter-output>
        </test-method> <!-- Demo -->
        <test-method signature="Demo2()[pri:0, instance:Test.day1@52102734]" started-at="2022-11-16T11:58:06 EST" name="Demo2" finished-at="2022-11-16T11:58:06 EST" duration-ms="1" status="PASS">
          <reporter-output>
          </reporter-output>
        </test-method> <!-- Demo2 -->
      </class> <!-- Test.day1 -->
      <class name="Test.day2">
        <test-method signature="Demo3()[pri:0, instance:Test.day2@1356d4d4]" started-at="2022-11-16T11:58:06 EST" name="Demo3" finished-at="2022-11-16T11:58:06 EST" duration-ms="12" status="PASS">
          <reporter-output>
          </reporter-output>
        </test-method> <!-- Demo3 -->
      </class> <!-- Test.day2 -->
    </test> <!-- Test -->
  </suite> <!-- Suite -->
</testng-results>
